<?xml version="1.0" encoding="UTF-8"?>
<!-- Generated by org.testng.reporters.JUnitXMLReporter -->
<testsuite ignored="0" hostname="Rizals-MacBook-Pro.local" failures="0" tests="13" name="Booking API Test" time="18.656" errors="0" timestamp="2025-09-16T20:03:31 WIB">
  <testcase classname="happyFlow" name="createBooking" time="1.272"/>
  <testcase classname="happyFlow" name="assertBookingAfterCreate" time="1.283"/>
  <testcase classname="happyFlow" name="updateBooking" time="1.229"/>
  <testcase classname="happyFlow" name="assertBookingAfterUpdate" time="1.265"/>
  <testcase classname="happyFlow" name="updatePartialBooking" time="1.23"/>
  <testcase classname="happyFlow" name="assertBookingAfterPartialUpdate" time="1.251"/>
  <testcase classname="happyFlow" name="deleteBooking" time="1.222"/>
  <testcase classname="happyFlow" name="assertBookingAfterDelete" time="1.224"/>
  <testcase classname="negativeFlow" name="authWithInvalidCredentials" time="1.252"/>
  <testcase classname="negativeFlow" name="bookingIdDoesNotExist" time="1.205"/>
  <testcase classname="negativeFlow" name="createBookingWithInvalidData" time="1.23"/>
  <testcase classname="negativeFlow" name="updateBookingWithInvalidAuth" time="1.215"/>
  <testcase classname="negativeFlow" name="updateBookingWithoutAuth" time="1.26"/>
</testsuite> <!-- Booking API Test -->
