<?xml version="1.0" encoding="UTF-8"?>
<testng-results ignored="0" total="8" passed="8" failed="0" skipped="0">
  <reporter-output>
  </reporter-output>
  <suite started-at="2025-09-22T19:29:01 WIB" name="Surefire suite" finished-at="2025-09-22T19:29:12 WIB" duration-ms="10449">
    <groups>
    </groups>
    <test started-at="2025-09-22T19:29:01 WIB" name="Surefire test" finished-at="2025-09-22T19:29:12 WIB" duration-ms="10449">
      <class name="testCase.happyFlow">
        <test-method is-config="true" signature="beforeSuite()[pri:0, instance:testCase.happyFlow@442675e1]" started-at="2025-09-22T19:28:59 WIB" name="beforeSuite" finished-at="2025-09-22T19:29:01 WIB" duration-ms="2357" status="PASS">
          <reporter-output>
          </reporter-output>
        </test-method> <!-- beforeSuite -->
        <test-method is-config="true" signature="setupRequestSpecification()[pri:0, instance:testCase.happyFlow@442675e1]" started-at="2025-09-22T19:29:01 WIB" name="setupRequestSpecification" finished-at="2025-09-22T19:29:01 WIB" duration-ms="0" status="PASS">
          <reporter-output>
          </reporter-output>
        </test-method> <!-- setupRequestSpecification -->
        <test-method signature="createBooking()[pri:1, instance:testCase.happyFlow@442675e1]" started-at="2025-09-22T19:29:01 WIB" name="createBooking" finished-at="2025-09-22T19:29:03 WIB" duration-ms="1289" status="PASS">
          <reporter-output>
          </reporter-output>
        </test-method> <!-- createBooking -->
        <test-method is-config="true" signature="afterMethod()[pri:0, instance:testCase.happyFlow@442675e1]" started-at="2025-09-22T19:29:03 WIB" name="afterMethod" finished-at="2025-09-22T19:29:03 WIB" duration-ms="0" status="PASS">
          <reporter-output>
          </reporter-output>
        </test-method> <!-- afterMethod -->
        <test-method is-config="true" signature="setupRequestSpecification()[pri:0, instance:testCase.happyFlow@442675e1]" started-at="2025-09-22T19:29:03 WIB" name="setupRequestSpecification" finished-at="2025-09-22T19:29:03 WIB" duration-ms="1" status="PASS">
          <reporter-output>
          </reporter-output>
        </test-method> <!-- setupRequestSpecification -->
        <test-method signature="assertBookingAfterCreate()[pri:2, instance:testCase.happyFlow@442675e1]" started-at="2025-09-22T19:29:03 WIB" name="assertBookingAfterCreate" finished-at="2025-09-22T19:29:04 WIB" depends-on-methods="testCase.happyFlow.createBooking" duration-ms="1278" status="PASS">
          <reporter-output>
          </reporter-output>
        </test-method> <!-- assertBookingAfterCreate -->
        <test-method is-config="true" signature="afterMethod()[pri:0, instance:testCase.happyFlow@442675e1]" started-at="2025-09-22T19:29:04 WIB" name="afterMethod" finished-at="2025-09-22T19:29:04 WIB" duration-ms="0" status="PASS">
          <reporter-output>
          </reporter-output>
        </test-method> <!-- afterMethod -->
        <test-method signature="updateBooking()[pri:3, instance:testCase.happyFlow@442675e1]" started-at="2025-09-22T19:29:04 WIB" name="updateBooking" finished-at="2025-09-22T19:29:05 WIB" depends-on-methods="testCase.happyFlow.createBooking" duration-ms="1324" status="PASS">
          <reporter-output>
          </reporter-output>
        </test-method> <!-- updateBooking -->
        <test-method is-config="true" signature="setupRequestSpecification()[pri:0, instance:testCase.happyFlow@442675e1]" started-at="2025-09-22T19:29:04 WIB" name="setupRequestSpecification" finished-at="2025-09-22T19:29:04 WIB" duration-ms="0" status="PASS">
          <reporter-output>
          </reporter-output>
        </test-method> <!-- setupRequestSpecification -->
        <test-method is-config="true" signature="afterMethod()[pri:0, instance:testCase.happyFlow@442675e1]" started-at="2025-09-22T19:29:05 WIB" name="afterMethod" finished-at="2025-09-22T19:29:05 WIB" duration-ms="1" status="PASS">
          <reporter-output>
          </reporter-output>
        </test-method> <!-- afterMethod -->
        <test-method is-config="true" signature="setupRequestSpecification()[pri:0, instance:testCase.happyFlow@442675e1]" started-at="2025-09-22T19:29:05 WIB" name="setupRequestSpecification" finished-at="2025-09-22T19:29:05 WIB" duration-ms="1" status="PASS">
          <reporter-output>
          </reporter-output>
        </test-method> <!-- setupRequestSpecification -->
        <test-method signature="assertBookingAfterUpdate()[pri:4, instance:testCase.happyFlow@442675e1]" started-at="2025-09-22T19:29:05 WIB" name="assertBookingAfterUpdate" finished-at="2025-09-22T19:29:07 WIB" depends-on-methods="testCase.happyFlow.updateBooking" duration-ms="1262" status="PASS">
          <reporter-output>
          </reporter-output>
        </test-method> <!-- assertBookingAfterUpdate -->
        <test-method is-config="true" signature="afterMethod()[pri:0, instance:testCase.happyFlow@442675e1]" started-at="2025-09-22T19:29:07 WIB" name="afterMethod" finished-at="2025-09-22T19:29:07 WIB" duration-ms="0" status="PASS">
          <reporter-output>
          </reporter-output>
        </test-method> <!-- afterMethod -->
        <test-method signature="updatePartialBooking()[pri:5, instance:testCase.happyFlow@442675e1]" started-at="2025-09-22T19:29:07 WIB" name="updatePartialBooking" finished-at="2025-09-22T19:29:08 WIB" depends-on-methods="testCase.happyFlow.updateBooking" duration-ms="1254" status="PASS">
          <reporter-output>
          </reporter-output>
        </test-method> <!-- updatePartialBooking -->
        <test-method is-config="true" signature="setupRequestSpecification()[pri:0, instance:testCase.happyFlow@442675e1]" started-at="2025-09-22T19:29:07 WIB" name="setupRequestSpecification" finished-at="2025-09-22T19:29:07 WIB" duration-ms="0" status="PASS">
          <reporter-output>
          </reporter-output>
        </test-method> <!-- setupRequestSpecification -->
        <test-method is-config="true" signature="afterMethod()[pri:0, instance:testCase.happyFlow@442675e1]" started-at="2025-09-22T19:29:08 WIB" name="afterMethod" finished-at="2025-09-22T19:29:08 WIB" duration-ms="1" status="PASS">
          <reporter-output>
          </reporter-output>
        </test-method> <!-- afterMethod -->
        <test-method signature="assertBookingAfterPartialUpdate()[pri:6, instance:testCase.happyFlow@442675e1]" started-at="2025-09-22T19:29:08 WIB" name="assertBookingAfterPartialUpdate" finished-at="2025-09-22T19:29:09 WIB" depends-on-methods="testCase.happyFlow.updatePartialBooking" duration-ms="1289" status="PASS">
          <reporter-output>
          </reporter-output>
        </test-method> <!-- assertBookingAfterPartialUpdate -->
        <test-method is-config="true" signature="setupRequestSpecification()[pri:0, instance:testCase.happyFlow@442675e1]" started-at="2025-09-22T19:29:08 WIB" name="setupRequestSpecification" finished-at="2025-09-22T19:29:08 WIB" duration-ms="0" status="PASS">
          <reporter-output>
          </reporter-output>
        </test-method> <!-- setupRequestSpecification -->
        <test-method is-config="true" signature="afterMethod()[pri:0, instance:testCase.happyFlow@442675e1]" started-at="2025-09-22T19:29:09 WIB" name="afterMethod" finished-at="2025-09-22T19:29:09 WIB" duration-ms="0" status="PASS">
          <reporter-output>
          </reporter-output>
        </test-method> <!-- afterMethod -->
        <test-method signature="deleteBooking()[pri:7, instance:testCase.happyFlow@442675e1]" started-at="2025-09-22T19:29:09 WIB" name="deleteBooking" finished-at="2025-09-22T19:29:11 WIB" depends-on-methods="testCase.happyFlow.updatePartialBooking" duration-ms="1375" status="PASS">
          <reporter-output>
          </reporter-output>
        </test-method> <!-- deleteBooking -->
        <test-method is-config="true" signature="setupRequestSpecification()[pri:0, instance:testCase.happyFlow@442675e1]" started-at="2025-09-22T19:29:09 WIB" name="setupRequestSpecification" finished-at="2025-09-22T19:29:09 WIB" duration-ms="0" status="PASS">
          <reporter-output>
          </reporter-output>
        </test-method> <!-- setupRequestSpecification -->
        <test-method is-config="true" signature="setupRequestSpecification()[pri:0, instance:testCase.happyFlow@442675e1]" started-at="2025-09-22T19:29:11 WIB" name="setupRequestSpecification" finished-at="2025-09-22T19:29:11 WIB" duration-ms="1" status="PASS">
          <reporter-output>
          </reporter-output>
        </test-method> <!-- setupRequestSpecification -->
        <test-method is-config="true" signature="afterMethod()[pri:0, instance:testCase.happyFlow@442675e1]" started-at="2025-09-22T19:29:11 WIB" name="afterMethod" finished-at="2025-09-22T19:29:11 WIB" duration-ms="0" status="PASS">
          <reporter-output>
          </reporter-output>
        </test-method> <!-- afterMethod -->
        <test-method signature="assertBookingAfterDelete()[pri:8, instance:testCase.happyFlow@442675e1]" started-at="2025-09-22T19:29:11 WIB" name="assertBookingAfterDelete" finished-at="2025-09-22T19:29:12 WIB" depends-on-methods="testCase.happyFlow.deleteBooking" duration-ms="1347" status="PASS">
          <reporter-output>
          </reporter-output>
        </test-method> <!-- assertBookingAfterDelete -->
        <test-method is-config="true" signature="afterMethod()[pri:0, instance:testCase.happyFlow@442675e1]" started-at="2025-09-22T19:29:12 WIB" name="afterMethod" finished-at="2025-09-22T19:29:12 WIB" duration-ms="1" status="PASS">
          <reporter-output>
          </reporter-output>
        </test-method> <!-- afterMethod -->
      </class> <!-- testCase.happyFlow -->
    </test> <!-- Surefire test -->
  </suite> <!-- Surefire suite -->
</testng-results>
