<?xml version="1.0" encoding="UTF-8"?>
<testsuite xmlns:xsi="http://www.w3.org/2001/XMLSchema-instance" xsi:noNamespaceSchemaLocation="https://maven.apache.org/surefire/maven-surefire-plugin/xsd/surefire-test-report.xsd" name="TestSuite" time="17.794" tests="11" errors="0" skipped="0" failures="0">
  <properties>
[...]
</properties>
  <testcase name="createBooking" classname="happyFlow" time="1.419"/>
  <testcase name="assertBookingAfterCreate" classname="happyFlow" time="1.332"/>
  <testcase name="updateBooking" classname="happyFlow" time="1.21"/>
  <testcase name="assertBookingAfterUpdate" classname="happyFlow" time="1.271"/>
  <testcase name="deleteBooking" classname="happyFlow" time="1.284"/>
  <testcase name="assertBookingAfterDelete" classname="happyFlow" time="1.235"/>
  <testcase name="authWithInvalidCredentials" classname="negativeFlow" time="1.425"/>
  <testcase name="bookingIdDoesNotExist" classname="negativeFlow" time="1.913"/>
  <testcase name="createBookingWithInvalidData" classname="negativeFlow" time="1.41"/>
  <testcase name="updateBookingWithInvalidAuth" classname="negativeFlow" time="1.447"/>
  <testcase name="updateBookingWithoutAuth" classname="negativeFlow" time="1.396"/>
</testsuite>