<?xml version="1.0" encoding="UTF-8"?>
<testng-results ignored="0" total="8" passed="8" failed="0" skipped="0">
  <reporter-output>
  </reporter-output>
  <suite started-at="2025-09-23T13:52:38 WIB" name="Surefire suite" finished-at="2025-09-23T13:52:52 WIB" duration-ms="13985">
    <groups>
    </groups>
    <test started-at="2025-09-23T13:52:38 WIB" name="Surefire test" finished-at="2025-09-23T13:52:52 WIB" duration-ms="13985">
      <class name="testCase.happyFlow">
        <test-method is-config="true" signature="beforeSuite()[pri:0, instance:testCase.happyFlow@442675e1]" started-at="2025-09-23T13:52:36 WIB" name="beforeSuite" finished-at="2025-09-23T13:52:38 WIB" duration-ms="2328" status="PASS">
          <reporter-output>
          </reporter-output>
        </test-method> <!-- beforeSuite -->
        <test-method is-config="true" signature="setupRequestSpecification()[pri:0, instance:testCase.happyFlow@442675e1]" started-at="2025-09-23T13:52:38 WIB" name="setupRequestSpecification" finished-at="2025-09-23T13:52:38 WIB" duration-ms="1" status="PASS">
          <reporter-output>
          </reporter-output>
        </test-method> <!-- setupRequestSpecification -->
        <test-method signature="createBooking()[pri:1, instance:testCase.happyFlow@442675e1]" started-at="2025-09-23T13:52:38 WIB" name="createBooking" finished-at="2025-09-23T13:52:39 WIB" duration-ms="1504" status="PASS">
          <reporter-output>
          </reporter-output>
        </test-method> <!-- createBooking -->
        <test-method is-config="true" signature="afterMethod()[pri:0, instance:testCase.happyFlow@442675e1]" started-at="2025-09-23T13:52:39 WIB" name="afterMethod" finished-at="2025-09-23T13:52:39 WIB" duration-ms="1" status="PASS">
          <reporter-output>
          </reporter-output>
        </test-method> <!-- afterMethod -->
        <test-method signature="assertBookingAfterCreate()[pri:2, instance:testCase.happyFlow@442675e1]" started-at="2025-09-23T13:52:39 WIB" name="assertBookingAfterCreate" finished-at="2025-09-23T13:52:41 WIB" depends-on-methods="testCase.happyFlow.createBooking" duration-ms="1294" status="PASS">
          <reporter-output>
          </reporter-output>
        </test-method> <!-- assertBookingAfterCreate -->
        <test-method is-config="true" signature="setupRequestSpecification()[pri:0, instance:testCase.happyFlow@442675e1]" started-at="2025-09-23T13:52:39 WIB" name="setupRequestSpecification" finished-at="2025-09-23T13:52:39 WIB" duration-ms="0" status="PASS">
          <reporter-output>
          </reporter-output>
        </test-method> <!-- setupRequestSpecification -->
        <test-method is-config="true" signature="afterMethod()[pri:0, instance:testCase.happyFlow@442675e1]" started-at="2025-09-23T13:52:41 WIB" name="afterMethod" finished-at="2025-09-23T13:52:41 WIB" duration-ms="0" status="PASS">
          <reporter-output>
          </reporter-output>
        </test-method> <!-- afterMethod -->
        <test-method signature="updateBooking()[pri:3, instance:testCase.happyFlow@442675e1]" started-at="2025-09-23T13:52:41 WIB" name="updateBooking" finished-at="2025-09-23T13:52:42 WIB" depends-on-methods="testCase.happyFlow.createBooking" duration-ms="1407" status="PASS">
          <reporter-output>
          </reporter-output>
        </test-method> <!-- updateBooking -->
        <test-method is-config="true" signature="setupRequestSpecification()[pri:0, instance:testCase.happyFlow@442675e1]" started-at="2025-09-23T13:52:41 WIB" name="setupRequestSpecification" finished-at="2025-09-23T13:52:41 WIB" duration-ms="0" status="PASS">
          <reporter-output>
          </reporter-output>
        </test-method> <!-- setupRequestSpecification -->
        <test-method is-config="true" signature="afterMethod()[pri:0, instance:testCase.happyFlow@442675e1]" started-at="2025-09-23T13:52:42 WIB" name="afterMethod" finished-at="2025-09-23T13:52:42 WIB" duration-ms="0" status="PASS">
          <reporter-output>
          </reporter-output>
        </test-method> <!-- afterMethod -->
        <test-method is-config="true" signature="setupRequestSpecification()[pri:0, instance:testCase.happyFlow@442675e1]" started-at="2025-09-23T13:52:42 WIB" name="setupRequestSpecification" finished-at="2025-09-23T13:52:42 WIB" duration-ms="1" status="PASS">
          <reporter-output>
          </reporter-output>
        </test-method> <!-- setupRequestSpecification -->
        <test-method signature="assertBookingAfterUpdate()[pri:4, instance:testCase.happyFlow@442675e1]" started-at="2025-09-23T13:52:42 WIB" name="assertBookingAfterUpdate" finished-at="2025-09-23T13:52:43 WIB" depends-on-methods="testCase.happyFlow.updateBooking" duration-ms="1312" status="PASS">
          <reporter-output>
          </reporter-output>
        </test-method> <!-- assertBookingAfterUpdate -->
        <test-method is-config="true" signature="afterMethod()[pri:0, instance:testCase.happyFlow@442675e1]" started-at="2025-09-23T13:52:43 WIB" name="afterMethod" finished-at="2025-09-23T13:52:43 WIB" duration-ms="0" status="PASS">
          <reporter-output>
          </reporter-output>
        </test-method> <!-- afterMethod -->
        <test-method signature="updatePartialBooking()[pri:5, instance:testCase.happyFlow@442675e1]" started-at="2025-09-23T13:52:43 WIB" name="updatePartialBooking" finished-at="2025-09-23T13:52:45 WIB" depends-on-methods="testCase.happyFlow.updateBooking" duration-ms="1294" status="PASS">
          <reporter-output>
          </reporter-output>
        </test-method> <!-- updatePartialBooking -->
        <test-method is-config="true" signature="setupRequestSpecification()[pri:0, instance:testCase.happyFlow@442675e1]" started-at="2025-09-23T13:52:43 WIB" name="setupRequestSpecification" finished-at="2025-09-23T13:52:43 WIB" duration-ms="0" status="PASS">
          <reporter-output>
          </reporter-output>
        </test-method> <!-- setupRequestSpecification -->
        <test-method is-config="true" signature="afterMethod()[pri:0, instance:testCase.happyFlow@442675e1]" started-at="2025-09-23T13:52:45 WIB" name="afterMethod" finished-at="2025-09-23T13:52:45 WIB" duration-ms="0" status="PASS">
          <reporter-output>
          </reporter-output>
        </test-method> <!-- afterMethod -->
        <test-method signature="assertBookingAfterPartialUpdate()[pri:6, instance:testCase.happyFlow@442675e1]" started-at="2025-09-23T13:52:45 WIB" name="assertBookingAfterPartialUpdate" finished-at="2025-09-23T13:52:47 WIB" depends-on-methods="testCase.happyFlow.updatePartialBooking" duration-ms="2559" status="PASS">
          <reporter-output>
          </reporter-output>
        </test-method> <!-- assertBookingAfterPartialUpdate -->
        <test-method is-config="true" signature="setupRequestSpecification()[pri:0, instance:testCase.happyFlow@442675e1]" started-at="2025-09-23T13:52:45 WIB" name="setupRequestSpecification" finished-at="2025-09-23T13:52:45 WIB" duration-ms="0" status="PASS">
          <reporter-output>
          </reporter-output>
        </test-method> <!-- setupRequestSpecification -->
        <test-method is-config="true" signature="afterMethod()[pri:0, instance:testCase.happyFlow@442675e1]" started-at="2025-09-23T13:52:47 WIB" name="afterMethod" finished-at="2025-09-23T13:52:47 WIB" duration-ms="0" status="PASS">
          <reporter-output>
          </reporter-output>
        </test-method> <!-- afterMethod -->
        <test-method is-config="true" signature="setupRequestSpecification()[pri:0, instance:testCase.happyFlow@442675e1]" started-at="2025-09-23T13:52:47 WIB" name="setupRequestSpecification" finished-at="2025-09-23T13:52:47 WIB" duration-ms="1" status="PASS">
          <reporter-output>
          </reporter-output>
        </test-method> <!-- setupRequestSpecification -->
        <test-method signature="deleteBooking()[pri:7, instance:testCase.happyFlow@442675e1]" started-at="2025-09-23T13:52:47 WIB" name="deleteBooking" finished-at="2025-09-23T13:52:51 WIB" depends-on-methods="testCase.happyFlow.updatePartialBooking" duration-ms="3348" status="PASS">
          <reporter-output>
          </reporter-output>
        </test-method> <!-- deleteBooking -->
        <test-method is-config="true" signature="setupRequestSpecification()[pri:0, instance:testCase.happyFlow@442675e1]" started-at="2025-09-23T13:52:51 WIB" name="setupRequestSpecification" finished-at="2025-09-23T13:52:51 WIB" duration-ms="1" status="PASS">
          <reporter-output>
          </reporter-output>
        </test-method> <!-- setupRequestSpecification -->
        <test-method is-config="true" signature="afterMethod()[pri:0, instance:testCase.happyFlow@442675e1]" started-at="2025-09-23T13:52:51 WIB" name="afterMethod" finished-at="2025-09-23T13:52:51 WIB" duration-ms="0" status="PASS">
          <reporter-output>
          </reporter-output>
        </test-method> <!-- afterMethod -->
        <test-method signature="assertBookingAfterDelete()[pri:8, instance:testCase.happyFlow@442675e1]" started-at="2025-09-23T13:52:51 WIB" name="assertBookingAfterDelete" finished-at="2025-09-23T13:52:52 WIB" depends-on-methods="testCase.happyFlow.deleteBooking" duration-ms="1244" status="PASS">
          <reporter-output>
          </reporter-output>
        </test-method> <!-- assertBookingAfterDelete -->
        <test-method is-config="true" signature="afterMethod()[pri:0, instance:testCase.happyFlow@442675e1]" started-at="2025-09-23T13:52:52 WIB" name="afterMethod" finished-at="2025-09-23T13:52:52 WIB" duration-ms="1" status="PASS">
          <reporter-output>
          </reporter-output>
        </test-method> <!-- afterMethod -->
      </class> <!-- testCase.happyFlow -->
    </test> <!-- Surefire test -->
  </suite> <!-- Surefire suite -->
</testng-results>
