<?xml version="1.0" encoding="UTF-8"?>
<testsuite xmlns:xsi="http://www.w3.org/2001/XMLSchema-instance" xsi:noNamespaceSchemaLocation="https://maven.apache.org/surefire/maven-surefire-plugin/xsd/surefire-test-report.xsd" name="TestSuite" time="11.131" tests="13" errors="0" skipped="5" failures="2">
  <properties>
[...]
</properties>
  <testcase name="createBooking" classname="testCase.happyFlow" time="2.348"/>
  <testcase name="assertBookingAfterCreate" classname="testCase.happyFlow" time="0.033">
    <failure message="Connection refused" type="java.net.ConnectException">java.net.ConnectException: Connection refused
	at testCase.happyFlow.assertBookingAfterCreate(happyFlow.java:45)
</failure>
    <system-out><![CDATA[Request method:	GET
Request URI:	http://localhost:8080/booking/819
Proxy:			<none>
Request params:	<none>
Query params:	<none>
Form params:	<none>
Path params:	<none>
Headers:		Accept=*/*
Cookies:		<none>
Multiparts:		<none>
Body:			<none>
]]></system-out>
  </testcase>
  <testcase name="updateBooking" classname="testCase.happyFlow" time="1.325">
    <failure message="Status code should be 200 expected [200] but found [403]" type="java.lang.AssertionError">java.lang.AssertionError: Status code should be 200 expected [200] but found [403]
	at testCase.happyFlow.updateBooking(happyFlow.java:83)
</failure>
  </testcase>
  <testcase name="assertBookingAfterUpdate" classname="testCase.happyFlow" time="0">
    <skipped message="Method testCase.happyFlow.assertBookingAfterUpdate() on instance testCase.happyFlow@7920ba90 depends on not successfully finished methods &#10;[testCase.happyFlow.updateBooking() on instance testCase.happyFlow@7920ba90]"/>
  </testcase>
  <testcase name="updatePartialBooking" classname="testCase.happyFlow" time="0">
    <skipped message="Method testCase.happyFlow.updatePartialBooking() on instance testCase.happyFlow@7920ba90 depends on not successfully finished methods &#10;[testCase.happyFlow.updateBooking() on instance testCase.happyFlow@7920ba90]"/>
  </testcase>
  <testcase name="assertBookingAfterPartialUpdate" classname="testCase.happyFlow" time="0">
    <skipped message="Method testCase.happyFlow.assertBookingAfterPartialUpdate() on instance testCase.happyFlow@7920ba90 depends on not successfully finished methods &#10;[testCase.happyFlow.updatePartialBooking() on instance testCase.happyFlow@7920ba90]"/>
  </testcase>
  <testcase name="deleteBooking" classname="testCase.happyFlow" time="0">
    <skipped message="Method testCase.happyFlow.deleteBooking() on instance testCase.happyFlow@7920ba90 depends on not successfully finished methods &#10;[testCase.happyFlow.updatePartialBooking() on instance testCase.happyFlow@7920ba90]"/>
  </testcase>
  <testcase name="assertBookingAfterDelete" classname="testCase.happyFlow" time="0">
    <skipped message="Method testCase.happyFlow.assertBookingAfterDelete() on instance testCase.happyFlow@7920ba90 depends on not successfully finished methods &#10;[testCase.happyFlow.deleteBooking() on instance testCase.happyFlow@7920ba90]"/>
  </testcase>
  <testcase name="authWithInvalidCredentials" classname="testCase.negativeFlow" time="1.842"/>
  <testcase name="bookingIdDoesNotExist" classname="testCase.negativeFlow" time="1.267"/>
  <testcase name="createBookingWithInvalidData" classname="testCase.negativeFlow" time="1.472"/>
  <testcase name="updateBookingWithInvalidAuth" classname="testCase.negativeFlow" time="1.27"/>
  <testcase name="updateBookingWithoutAuth" classname="testCase.negativeFlow" time="1.216"/>
</testsuite>